<?xml version="1.0" encoding="UTF-8"?>
<testsuite name="hypo.driven.spring.io.dockerize.DockerizeApplicationTests" tests="1" skipped="0" failures="0" errors="0" timestamp="2021-06-27T03:11:37" hostname="kkakimoto-System-Product-Name" time="0.146">
  <properties/>
  <testcase name="contextLoads()" classname="hypo.driven.spring.io.dockerize.DockerizeApplicationTests" time="0.146"/>
  <system-out><![CDATA[12:11:36.719 [Test worker] DEBUG org.springframework.test.context.BootstrapUtils - Instantiating CacheAwareContextLoaderDelegate from class [org.springframework.test.context.cache.DefaultCacheAwareContextLoaderDelegate]
12:11:36.726 [Test worker] DEBUG org.springframework.test.context.BootstrapUtils - Instantiating BootstrapContext using constructor [public org.springframework.test.context.support.DefaultBootstrapContext(java.lang.Class,org.springframework.test.context.CacheAwareContextLoaderDelegate)]
12:11:36.744 [Test worker] DEBUG org.springframework.test.context.BootstrapUtils - Instantiating TestContextBootstrapper for test class [hypo.driven.spring.io.dockerize.DockerizeApplicationTests] from class [org.springframework.boot.test.context.SpringBootTestContextBootstrapper]
12:11:36.749 [Test worker] INFO org.springframework.boot.test.context.SpringBootTestContextBootstrapper - Neither @ContextConfiguration nor @ContextHierarchy found for test class [hypo.driven.spring.io.dockerize.DockerizeApplicationTests], using SpringBootContextLoader
12:11:36.751 [Test worker] DEBUG org.springframework.test.context.support.AbstractContextLoader - Did not detect default resource location for test class [hypo.driven.spring.io.dockerize.DockerizeApplicationTests]: class path resource [hypo/driven/spring/io/dockerize/DockerizeApplicationTests-context.xml] does not exist
12:11:36.751 [Test worker] DEBUG org.springframework.test.context.support.AbstractContextLoader - Did not detect default resource location for test class [hypo.driven.spring.io.dockerize.DockerizeApplicationTests]: class path resource [hypo/driven/spring/io/dockerize/DockerizeApplicationTestsContext.groovy] does not exist
12:11:36.752 [Test worker] INFO org.springframework.test.context.support.AbstractContextLoader - Could not detect default resource locations for test class [hypo.driven.spring.io.dockerize.DockerizeApplicationTests]: no resource found for suffixes {-context.xml, Context.groovy}.
12:11:36.752 [Test worker] INFO org.springframework.test.context.support.AnnotationConfigContextLoaderUtils - Could not detect default configuration classes for test class [hypo.driven.spring.io.dockerize.DockerizeApplicationTests]: DockerizeApplicationTests does not declare any static, non-private, non-final, nested classes annotated with @Configuration.
12:11:36.774 [Test worker] DEBUG org.springframework.test.context.support.ActiveProfilesUtils - Could not find an 'annotation declaring class' for annotation type [org.springframework.test.context.ActiveProfiles] and class [hypo.driven.spring.io.dockerize.DockerizeApplicationTests]
12:11:36.801 [Test worker] DEBUG org.springframework.context.annotation.ClassPathScanningCandidateComponentProvider - Identified candidate component class: file [/home/k-kakimoto/IdeaProjects/dockerize/build/classes/java/main/hypo/driven/spring/io/dockerize/DockerizeApplication.class]
12:11:36.801 [Test worker] INFO org.springframework.boot.test.context.SpringBootTestContextBootstrapper - Found @SpringBootConfiguration hypo.driven.spring.io.dockerize.DockerizeApplication for test class hypo.driven.spring.io.dockerize.DockerizeApplicationTests
12:11:36.848 [Test worker] DEBUG org.springframework.boot.test.context.SpringBootTestContextBootstrapper - @TestExecutionListeners is not present for class [hypo.driven.spring.io.dockerize.DockerizeApplicationTests]: using defaults.
12:11:36.848 [Test worker] INFO org.springframework.boot.test.context.SpringBootTestContextBootstrapper - Loaded default TestExecutionListener class names from location [META-INF/spring.factories]: [org.springframework.boot.test.autoconfigure.restdocs.RestDocsTestExecutionListener, org.springframework.boot.test.autoconfigure.web.client.MockRestServiceServerResetTestExecutionListener, org.springframework.boot.test.autoconfigure.web.servlet.MockMvcPrintOnlyOnFailureTestExecutionListener, org.springframework.boot.test.autoconfigure.web.servlet.WebDriverTestExecutionListener, org.springframework.boot.test.autoconfigure.webservices.client.MockWebServiceServerTestExecutionListener, org.springframework.boot.test.mock.mockito.MockitoTestExecutionListener, org.springframework.boot.test.mock.mockito.ResetMocksTestExecutionListener, org.springframework.test.context.web.ServletTestExecutionListener, org.springframework.test.context.support.DirtiesContextBeforeModesTestExecutionListener, org.springframework.test.context.event.ApplicationEventsTestExecutionListener, org.springframework.test.context.support.DependencyInjectionTestExecutionListener, org.springframework.test.context.support.DirtiesContextTestExecutionListener, org.springframework.test.context.transaction.TransactionalTestExecutionListener, org.springframework.test.context.jdbc.SqlScriptsTestExecutionListener, org.springframework.test.context.event.EventPublishingTestExecutionListener]
12:11:36.854 [Test worker] DEBUG org.springframework.boot.test.context.SpringBootTestContextBootstrapper - Skipping candidate TestExecutionListener [org.springframework.test.context.transaction.TransactionalTestExecutionListener] due to a missing dependency. Specify custom listener classes or make the default listener classes and their required dependencies available. Offending class: [org/springframework/transaction/TransactionDefinition]
12:11:36.854 [Test worker] DEBUG org.springframework.boot.test.context.SpringBootTestContextBootstrapper - Skipping candidate TestExecutionListener [org.springframework.test.context.jdbc.SqlScriptsTestExecutionListener] due to a missing dependency. Specify custom listener classes or make the default listener classes and their required dependencies available. Offending class: [org/springframework/transaction/interceptor/TransactionAttribute]
12:11:36.854 [Test worker] INFO org.springframework.boot.test.context.SpringBootTestContextBootstrapper - Using TestExecutionListeners: [org.springframework.test.context.web.ServletTestExecutionListener@28e74072, org.springframework.test.context.support.DirtiesContextBeforeModesTestExecutionListener@3ba8066a, org.springframework.test.context.event.ApplicationEventsTestExecutionListener@34ab4667, org.springframework.boot.test.mock.mockito.MockitoTestExecutionListener@3ac66a85, org.springframework.boot.test.autoconfigure.SpringBootDependencyInjectionTestExecutionListener@28b0497f, org.springframework.test.context.support.DirtiesContextTestExecutionListener@53d08155, org.springframework.test.context.event.EventPublishingTestExecutionListener@3d267d36, org.springframework.boot.test.autoconfigure.restdocs.RestDocsTestExecutionListener@343dba55, org.springframework.boot.test.autoconfigure.web.client.MockRestServiceServerResetTestExecutionListener@1e6cf61c, org.springframework.boot.test.autoconfigure.web.servlet.MockMvcPrintOnlyOnFailureTestExecutionListener@49e116ad, org.springframework.boot.test.autoconfigure.web.servlet.WebDriverTestExecutionListener@47a00d6a, org.springframework.boot.test.autoconfigure.webservices.client.MockWebServiceServerTestExecutionListener@1e96f8d9, org.springframework.boot.test.mock.mockito.ResetMocksTestExecutionListener@67b32101]
12:11:36.856 [Test worker] DEBUG org.springframework.test.context.support.AbstractDirtiesContextTestExecutionListener - Before test class: context [DefaultTestContext@2f5a6afb testClass = DockerizeApplicationTests, testInstance = [null], testMethod = [null], testException = [null], mergedContextConfiguration = [WebMergedContextConfiguration@3538faae testClass = DockerizeApplicationTests, locations = '{}', classes = '{class hypo.driven.spring.io.dockerize.DockerizeApplication}', contextInitializerClasses = '[]', activeProfiles = '{}', propertySourceLocations = '{}', propertySourceProperties = '{org.springframework.boot.test.context.SpringBootTestContextBootstrapper=true}', contextCustomizers = set[org.springframework.boot.test.autoconfigure.actuate.metrics.MetricsExportContextCustomizerFactory$DisableMetricExportContextCustomizer@7784bd5c, org.springframework.boot.test.autoconfigure.properties.PropertyMappingContextCustomizer@0, org.springframework.boot.test.autoconfigure.web.servlet.WebDriverContextCustomizerFactory$Customizer@1626bf01, org.springframework.boot.test.context.filter.ExcludeFilterContextCustomizer@49669f3c, org.springframework.boot.test.json.DuplicateJsonObjectContextCustomizerFactory$DuplicateJsonObjectContextCustomizer@7090d2b2, org.springframework.boot.test.mock.mockito.MockitoContextCustomizer@0, org.springframework.boot.test.web.client.TestRestTemplateContextCustomizer@4229291e, org.springframework.boot.test.context.SpringBootTestArgs@1, org.springframework.boot.test.context.SpringBootTestWebEnvironment@452ff04e], resourceBasePath = 'src/main/webapp', contextLoader = 'org.springframework.boot.test.context.SpringBootContextLoader', parent = [null]], attributes = map['org.springframework.test.context.web.ServletTestExecutionListener.activateListener' -> true]], class annotated with @DirtiesContext [false] with mode [null].
12:11:36.873 [Test worker] DEBUG org.springframework.test.context.support.TestPropertySourceUtils - Adding inlined properties to environment: {spring.jmx.enabled=false, org.springframework.boot.test.context.SpringBootTestContextBootstrapper=true}

  .   ____          _            __ _ _
 /\\ / ___'_ __ _ _(_)_ __  __ _ \ \ \ \
( ( )\___ | '_ | '_| | '_ \/ _` | \ \ \ \
 \\/  ___)| |_)| | | | | || (_| |  ) ) ) )
  '  |____| .__|_| |_|_| |_\__, | / / / /
 =========|_|==============|___/=/_/_/_/
 :: Spring Boot ::       (v2.6.0-SNAPSHOT)

2021-06-27 12:11:37.050  INFO 221377 --- [    Test worker] h.d.s.i.d.DockerizeApplicationTests      : Starting DockerizeApplicationTests using Java 11.0.11 on kkakimoto-System-Product-Name with PID 221377 (started by k-kakimoto in /home/k-kakimoto/IdeaProjects/dockerize)
2021-06-27 12:11:37.053  INFO 221377 --- [    Test worker] h.d.s.i.d.DockerizeApplicationTests      : No active profile set, falling back to default profiles: default
2021-06-27 12:11:37.832  INFO 221377 --- [    Test worker] h.d.s.i.d.DockerizeApplicationTests      : Started DockerizeApplicationTests in 0.953 seconds (JVM running for 1.617)
]]></system-out>
  <system-err><![CDATA[]]></system-err>
</testsuite>
